<?xml version="1.0" encoding="UTF-8"?>
<testsuite name="com.ilabquality.features.Job_Search_Using_Local_DataSource_Test" time="5.28" tests="2" errors="2" skipped="0" failures="0">
  <properties>
[...]
</properties>
  <testcase name="should_displayValidation_message_asking_for_an_upload[0]" classname="com.ilabquality.features.Job_Search_Using_Local_DataSource_Test" time="2.468">
    <error message="Could not instantiate new WebDriver instance of type class org.openqa.selenium.chrome.ChromeDriver (unknown error: Chrome failed to start: exited normally.&#10;  (unknown error: DevToolsActivePort file doesn&apos;t exist)&#10;  (The process started from chrome location C:\Program Files (x86)\Google\Chrome\Application\chrome.exe is no longer running, so ChromeDriver is assuming that Chrome has crashed.)&#10;Build info: version: &apos;3.141.59&apos;, revision: &apos;e82be7d358&apos;, time: &apos;2018-11-14T08:17:03&apos;&#10;System info: host: &apos;32C42Z2&apos;, ip: &apos;192.168.137.148&apos;, os.name: &apos;Windows 10&apos;, os.arch: &apos;amd64&apos;, os.version: &apos;10.0&apos;, java.version: &apos;14.0.2&apos;&#10;Driver info: driver.version: ProvideNewDriver&#10;remote stacktrace: Backtrace:&#10;	Ordinal0 [0x00AE9563+2725219]&#10;	Ordinal0 [0x009E8551+1672529]&#10;	Ordinal0 [0x008D0359+525145]&#10;	Ordinal0 [0x0085D90B+55563]&#10;	Ordinal0 [0x0087CC37+183351]&#10;	Ordinal0 [0x0087CA3D+182845]&#10;	Ordinal0 [0x0087A94B+174411]&#10;	Ordinal0 [0x00862528+75048]&#10;	Ordinal0 [0x008635A0+79264]&#10;	Ordinal0 [0x00863539+79161]&#10;	Ordinal0 [0x009FD607+1758727]&#10;	GetHandleVerifier [0x00C06546+1050150]&#10;	GetHandleVerifier [0x00C06291+1049457]&#10;	GetHandleVerifier [0x00C110D7+1094071]&#10;	GetHandleVerifier [0x00C06B46+1051686]&#10;	Ordinal0 [0x009F5B06+1727238]&#10;	Ordinal0 [0x009FEB7B+1764219]&#10;	Ordinal0 [0x009FECE3+1764579]&#10;	Ordinal0 [0x00A14C05+1854469]&#10;	BaseThreadInitThunk [0x755D6359+25]&#10;	RtlGetAppContainerNamedObjectPath [0x77C68944+228]&#10;	RtlGetAppContainerNamedObjectPath [0x77C68914+180]&#10;). See below for more details." type="net.thucydides.core.webdriver.DriverConfigurationError">net.thucydides.core.webdriver.DriverConfigurationError: Could not instantiate new WebDriver instance of type class org.openqa.selenium.chrome.ChromeDriver (unknown error: Chrome failed to start: exited normally.
  (unknown error: DevToolsActivePort file doesn't exist)
  (The process started from chrome location C:\Program Files (x86)\Google\Chrome\Application\chrome.exe is no longer running, so ChromeDriver is assuming that Chrome has crashed.)
Build info: version: '3.141.59', revision: 'e82be7d358', time: '2018-11-14T08:17:03'
System info: host: '32C42Z2', ip: '192.168.137.148', os.name: 'Windows 10', os.arch: 'amd64', os.version: '10.0', java.version: '14.0.2'
Driver info: driver.version: ProvideNewDriver
remote stacktrace: Backtrace:
	Ordinal0 [0x00AE9563+2725219]
	Ordinal0 [0x009E8551+1672529]
	Ordinal0 [0x008D0359+525145]
	Ordinal0 [0x0085D90B+55563]
	Ordinal0 [0x0087CC37+183351]
	Ordinal0 [0x0087CA3D+182845]
	Ordinal0 [0x0087A94B+174411]
	Ordinal0 [0x00862528+75048]
	Ordinal0 [0x008635A0+79264]
	Ordinal0 [0x00863539+79161]
	Ordinal0 [0x009FD607+1758727]
	GetHandleVerifier [0x00C06546+1050150]
	GetHandleVerifier [0x00C06291+1049457]
	GetHandleVerifier [0x00C110D7+1094071]
	GetHandleVerifier [0x00C06B46+1051686]
	Ordinal0 [0x009F5B06+1727238]
	Ordinal0 [0x009FEB7B+1764219]
	Ordinal0 [0x009FECE3+1764579]
	Ordinal0 [0x00A14C05+1854469]
	BaseThreadInitThunk [0x755D6359+25]
	RtlGetAppContainerNamedObjectPath [0x77C68944+228]
	RtlGetAppContainerNamedObjectPath [0x77C68914+180]
). See below for more details.
	at com.ilabquality.tasks.OpenTheApplication.performAs(OpenTheApplication.java:15)
	at com.ilabquality.features.Job_Search_Using_Local_DataSource_Test.should_displayValidation_message_asking_for_an_upload(Job_Search_Using_Local_DataSource_Test.java:73)
</error>
    <system-err><![CDATA[[main] ERROR net.thucydides.core.steps.ConsoleLoggingListener - 
           __  _____ _____ ____ _____   _____ _    ___ _     _____ ____  
  _       / / |_   _| ____/ ___|_   _| |  ___/ \  |_ _| |   | ____|  _ \ 
 (_)_____| |    | | |  _| \___ \ | |   | |_ / _ \  | || |   |  _| | | | |
  _|_____| |    | | | |___ ___) || |   |  _/ ___ \ | || |___| |___| |_| |
 (_)     | |    |_| |_____|____/ |_|   |_|/_/   \_\___|_____|_____|____/ 
          \_\                                                            

TEST FAILED WITH ERROR: Should display validation message asking for an upload
---------------------------------------------------------------------
[main] ERROR net.thucydides.core.steps.ConsoleLoggingListener - TEST FAILED AT STEP Puleng opens the I lab landing page
[main] ERROR net.thucydides.core.steps.ConsoleLoggingListener - Could not instantiate class org.openqa.selenium.chrome.ChromeDriver
[pool-1-thread-1] INFO net.thucydides.core.requirements.PackageRequirementsTagProvider - Loading requirements from package requirements at: com.ilabquality.features
[main] INFO net.thucydides.core.steps.ConsoleLoggingListener - Test Suite Started: Job search using local data source test
[main] INFO net.thucydides.core.steps.ConsoleLoggingListener - 
 _____ _____ ____ _____   ____ _____  _    ____ _____ _____ ____  
|_   _| ____/ ___|_   _| / ___|_   _|/ \  |  _ \_   _| ____|  _ \ 
  | | |  _| \___ \ | |   \___ \ | | / _ \ | |_) || | |  _| | | | |
  | | | |___ ___) || |    ___) || |/ ___ \|  _ < | | | |___| |_| |
  |_| |_____|____/ |_|   |____/ |_/_/   \_\_| \_\|_| |_____|____/ 
                                                                  

TEST STARTED: should_displayValidation_message_asking_for_an_upload[0]
-------------------------------------------------------------------
[main] INFO net.serenitybdd.core.Serenity - TEST NUMBER: 3
Feb 25, 2021 6:28:20 PM org.openqa.selenium.remote.DesiredCapabilities chrome
INFO: Using `new ChromeOptions()` is preferred to `DesiredCapabilities.chrome()`
[main] INFO net.serenitybdd.core.webdriver.driverproviders.ProvideNewDriver - Instantiating driver
[main] INFO net.serenitybdd.core.webdriver.driverproviders.ProvideNewDriver - Driver capabilities: Capabilities {acceptInsecureCerts: false, browserName: chrome, chrome.switches:  --start-maximized;\n      ..., goog:chromeOptions: {args: [--start-maximized;\n, --test-type;\n, --no-sandbox;\n, --ignore-certificate-errors;\n, --disable-popup-blocking;\n, --disable-default-apps;\n, --disable-extensions-file-a..., --disable-infobars, --disable-gpu\n, --enable-automation, --test-type], extensions: []}, loggingPrefs: org.openqa.selenium.logging..., platform: ANY, version: }
Starting ChromeDriver 83.0.4103.39 (ccbf011cb2d2b19b506d844400483861342c20cd-refs/branch-heads/4103@{#416}) on port 40504
Only local connections are allowed.
Please see https://chromedriver.chromium.org/security-considerations for suggestions on keeping ChromeDriver safe.
ChromeDriver was started successfully.
]]></system-err>
  </testcase>
  <testcase name="should_displayValidation_message_asking_for_an_upload[1]" classname="com.ilabquality.features.Job_Search_Using_Local_DataSource_Test" time="2.812">
    <error message="Could not instantiate new WebDriver instance of type class org.openqa.selenium.chrome.ChromeDriver (unknown error: Chrome failed to start: exited normally.&#10;  (unknown error: DevToolsActivePort file doesn&apos;t exist)&#10;  (The process started from chrome location C:\Program Files (x86)\Google\Chrome\Application\chrome.exe is no longer running, so ChromeDriver is assuming that Chrome has crashed.)&#10;Build info: version: &apos;3.141.59&apos;, revision: &apos;e82be7d358&apos;, time: &apos;2018-11-14T08:17:03&apos;&#10;System info: host: &apos;32C42Z2&apos;, ip: &apos;192.168.137.148&apos;, os.name: &apos;Windows 10&apos;, os.arch: &apos;amd64&apos;, os.version: &apos;10.0&apos;, java.version: &apos;14.0.2&apos;&#10;Driver info: driver.version: ProvideNewDriver&#10;remote stacktrace: Backtrace:&#10;	Ordinal0 [0x00AE9563+2725219]&#10;	Ordinal0 [0x009E8551+1672529]&#10;	Ordinal0 [0x008D0359+525145]&#10;	Ordinal0 [0x0085D90B+55563]&#10;	Ordinal0 [0x0087CC37+183351]&#10;	Ordinal0 [0x0087CA3D+182845]&#10;	Ordinal0 [0x0087A94B+174411]&#10;	Ordinal0 [0x00862528+75048]&#10;	Ordinal0 [0x008635A0+79264]&#10;	Ordinal0 [0x00863539+79161]&#10;	Ordinal0 [0x009FD607+1758727]&#10;	GetHandleVerifier [0x00C06546+1050150]&#10;	GetHandleVerifier [0x00C06291+1049457]&#10;	GetHandleVerifier [0x00C110D7+1094071]&#10;	GetHandleVerifier [0x00C06B46+1051686]&#10;	Ordinal0 [0x009F5B06+1727238]&#10;	Ordinal0 [0x009FEB7B+1764219]&#10;	Ordinal0 [0x009FECE3+1764579]&#10;	Ordinal0 [0x00A14C05+1854469]&#10;	BaseThreadInitThunk [0x755D6359+25]&#10;	RtlGetAppContainerNamedObjectPath [0x77C68944+228]&#10;	RtlGetAppContainerNamedObjectPath [0x77C68914+180]&#10;). See below for more details." type="net.thucydides.core.webdriver.DriverConfigurationError">net.thucydides.core.webdriver.DriverConfigurationError: Could not instantiate new WebDriver instance of type class org.openqa.selenium.chrome.ChromeDriver (unknown error: Chrome failed to start: exited normally.
  (unknown error: DevToolsActivePort file doesn't exist)
  (The process started from chrome location C:\Program Files (x86)\Google\Chrome\Application\chrome.exe is no longer running, so ChromeDriver is assuming that Chrome has crashed.)
Build info: version: '3.141.59', revision: 'e82be7d358', time: '2018-11-14T08:17:03'
System info: host: '32C42Z2', ip: '192.168.137.148', os.name: 'Windows 10', os.arch: 'amd64', os.version: '10.0', java.version: '14.0.2'
Driver info: driver.version: ProvideNewDriver
remote stacktrace: Backtrace:
	Ordinal0 [0x00AE9563+2725219]
	Ordinal0 [0x009E8551+1672529]
	Ordinal0 [0x008D0359+525145]
	Ordinal0 [0x0085D90B+55563]
	Ordinal0 [0x0087CC37+183351]
	Ordinal0 [0x0087CA3D+182845]
	Ordinal0 [0x0087A94B+174411]
	Ordinal0 [0x00862528+75048]
	Ordinal0 [0x008635A0+79264]
	Ordinal0 [0x00863539+79161]
	Ordinal0 [0x009FD607+1758727]
	GetHandleVerifier [0x00C06546+1050150]
	GetHandleVerifier [0x00C06291+1049457]
	GetHandleVerifier [0x00C110D7+1094071]
	GetHandleVerifier [0x00C06B46+1051686]
	Ordinal0 [0x009F5B06+1727238]
	Ordinal0 [0x009FEB7B+1764219]
	Ordinal0 [0x009FECE3+1764579]
	Ordinal0 [0x00A14C05+1854469]
	BaseThreadInitThunk [0x755D6359+25]
	RtlGetAppContainerNamedObjectPath [0x77C68944+228]
	RtlGetAppContainerNamedObjectPath [0x77C68914+180]
). See below for more details.
	at com.ilabquality.tasks.OpenTheApplication.performAs(OpenTheApplication.java:15)
	at com.ilabquality.features.Job_Search_Using_Local_DataSource_Test.should_displayValidation_message_asking_for_an_upload(Job_Search_Using_Local_DataSource_Test.java:73)
</error>
    <system-err><![CDATA[[main] ERROR net.thucydides.core.steps.ConsoleLoggingListener - 
           __  _____ _____ ____ _____   _____ _    ___ _     _____ ____  
  _       / / |_   _| ____/ ___|_   _| |  ___/ \  |_ _| |   | ____|  _ \ 
 (_)_____| |    | | |  _| \___ \ | |   | |_ / _ \  | || |   |  _| | | | |
  _|_____| |    | | | |___ ___) || |   |  _/ ___ \ | || |___| |___| |_| |
 (_)     | |    |_| |_____|____/ |_|   |_|/_/   \_\___|_____|_____|____/ 
          \_\                                                            

TEST FAILED WITH ERROR: Should display validation message asking for an upload
---------------------------------------------------------------------
[main] ERROR net.thucydides.core.steps.ConsoleLoggingListener - TEST FAILED AT STEP Thabo opens the I lab landing page
[main] ERROR net.thucydides.core.steps.ConsoleLoggingListener - Could not instantiate class org.openqa.selenium.chrome.ChromeDriver
[main] INFO net.thucydides.core.steps.ConsoleLoggingListener - Test Suite Started: Job search using local data source test
[main] INFO net.thucydides.core.steps.ConsoleLoggingListener - 
 _____ _____ ____ _____   ____ _____  _    ____ _____ _____ ____  
|_   _| ____/ ___|_   _| / ___|_   _|/ \  |  _ \_   _| ____|  _ \ 
  | | |  _| \___ \ | |   \___ \ | | / _ \ | |_) || | |  _| | | | |
  | | | |___ ___) || |    ___) || |/ ___ \|  _ < | | | |___| |_| |
  |_| |_____|____/ |_|   |____/ |_/_/   \_\_| \_\|_| |_____|____/ 
                                                                  

TEST STARTED: should_displayValidation_message_asking_for_an_upload[1]
-------------------------------------------------------------------
[main] INFO net.serenitybdd.core.Serenity - TEST NUMBER: 4
Feb 25, 2021 6:28:23 PM org.openqa.selenium.remote.DesiredCapabilities chrome
INFO: Using `new ChromeOptions()` is preferred to `DesiredCapabilities.chrome()`
[main] INFO net.serenitybdd.core.webdriver.driverproviders.ProvideNewDriver - Instantiating driver
[main] INFO net.serenitybdd.core.webdriver.driverproviders.ProvideNewDriver - Driver capabilities: Capabilities {acceptInsecureCerts: false, browserName: chrome, chrome.switches:  --start-maximized;\n      ..., goog:chromeOptions: {args: [--start-maximized;\n, --test-type;\n, --no-sandbox;\n, --ignore-certificate-errors;\n, --disable-popup-blocking;\n, --disable-default-apps;\n, --disable-extensions-file-a..., --disable-infobars, --disable-gpu\n, --enable-automation, --test-type], extensions: []}, loggingPrefs: org.openqa.selenium.logging..., platform: ANY, version: }
Starting ChromeDriver 83.0.4103.39 (ccbf011cb2d2b19b506d844400483861342c20cd-refs/branch-heads/4103@{#416}) on port 9864
Only local connections are allowed.
Please see https://chromedriver.chromium.org/security-considerations for suggestions on keeping ChromeDriver safe.
ChromeDriver was started successfully.
]]></system-err>
  </testcase>
</testsuite>